# JRE version: Java(TM) SE Runtime Environment (10.0.2+13) (build 10.0.2+13)
# Java VM: Java HotSpot(TM) 64-Bit Server VM (10.0.2+13, mixed mode, tiered, compressed oops, g1 gc, windows-amd64)
Heap:
 garbage-first heap   total 131072K, used 26540K [0x00000000c0000000, 0x0000000100000000)
  region size 1024K, 8 young (8192K), 7 survivors (7168K)
 Metaspace       used 29486K, capacity 30038K, committed 30464K, reserved 1075200K
  class space    used 3569K, capacity 3752K, committed 3840K, reserved 1048576K
GC Heap History (8 events):
Event: 0.984 GC heap before
{Heap before GC invocations=0 (full 0):
 garbage-first heap   total 131072K, used 16384K [0x00000000c0000000, 0x0000000100000000)
  region size 1024K, 14 young (14336K), 0 survivors (0K)
 Metaspace       used 9310K, capacity 9544K, committed 9728K, reserved 1058816K
  class space    used 920K, capacity 969K, committed 1024K, reserved 1048576K
}
Event: 0.991 GC heap after
{Heap after GC invocations=1 (full 0):
 garbage-first heap   total 131072K, used 6470K [0x00000000c0000000, 0x0000000100000000)
  region size 1024K, 2 young (2048K), 2 survivors (2048K)
 Metaspace       used 9310K, capacity 9544K, committed 9728K, reserved 1058816K
  class space    used 920K, capacity 969K, committed 1024K, reserved 1048576K
}
Event: 1.459 GC heap before
{Heap before GC invocations=1 (full 0):
 garbage-first heap   total 131072K, used 16710K [0x00000000c0000000, 0x0000000100000000)
  region size 1024K, 12 young (12288K), 2 survivors (2048K)
 Metaspace       used 10241K, capacity 10517K, committed 10624K, reserved 1058816K
  class space    used 1030K, capacity 1101K, committed 1152K, reserved 1048576K
}
Event: 1.463 GC heap after
{Heap after GC invocations=2 (full 0):
 garbage-first heap   total 131072K, used 7002K [0x00000000c0000000, 0x0000000100000000)
  region size 1024K, 1 young (1024K), 1 survivors (1024K)
 Metaspace       used 10241K, capacity 10517K, committed 10624K, reserved 1058816K
  class space    used 1030K, capacity 1101K, committed 1152K, reserved 1048576K
}
Event: 2.307 GC heap before
{Heap before GC invocations=2 (full 0):
 garbage-first heap   total 131072K, used 35674K [0x00000000c0000000, 0x0000000100000000)
  region size 1024K, 28 young (28672K), 1 survivors (1024K)
 Metaspace       used 13269K, capacity 13693K, committed 13952K, reserved 1060864K
  class space    used 1435K, capacity 1572K, committed 1664K, reserved 1048576K
}
Event: 2.314 GC heap after
{Heap after GC invocations=3 (full 0):
 garbage-first heap   total 131072K, used 11911K [0x00000000c0000000, 0x0000000100000000)
  region size 1024K, 4 young (4096K), 4 survivors (4096K)
 Metaspace       used 13269K, capacity 13693K, committed 13952K, reserved 1060864K
  class space    used 1435K, capacity 1572K, committed 1664K, reserved 1048576K
}
Event: 3.887 GC heap before
{Heap before GC invocations=3 (full 0):
 garbage-first heap   total 131072K, used 50823K [0x00000000c0000000, 0x0000000100000000)
  region size 1024K, 43 young (44032K), 4 survivors (4096K)
 Metaspace       used 20643K, capacity 21123K, committed 21296K, reserved 1069056K
  class space    used 2510K, capacity 2688K, committed 2688K, reserved 1048576K
}
Event: 3.897 GC heap after
{Heap after GC invocations=4 (full 0):
 garbage-first heap   total 131072K, used 14190K [0x00000000c0000000, 0x0000000100000000)
  region size 1024K, 3 young (3072K), 3 survivors (3072K)
 Metaspace       used 20643K, capacity 21123K, committed 21296K, reserved 1069056K
  class space    used 2510K, capacity 2688K, committed 2688K, reserved 1048576K
}

