# JRE version: Java(TM) SE Runtime Environment (10.0.2+13) (build 10.0.2+13)
# Java VM: Java HotSpot(TM) 64-Bit Server VM (10.0.2+13, mixed mode, tiered, compressed oops, g1 gc, windows-amd64)
Heap:
 garbage-first heap   total 131072K, used 58647K [0x00000000c0000000, 0x0000000100000000)
  region size 1024K, 32 young (32768K), 2 survivors (2048K)
 Metaspace       used 37655K, capacity 38536K, committed 38908K, reserved 1083392K
  class space    used 4517K, capacity 4798K, committed 4864K, reserved 1048576K
GC Heap History (10 events):
Event: 2.058 GC heap before
{Heap before GC invocations=2 (full 0):
 garbage-first heap   total 131072K, used 33689K [0x00000000c0000000, 0x0000000100000000)
  region size 1024K, 26 young (26624K), 1 survivors (1024K)
 Metaspace       used 10970K, capacity 11250K, committed 11520K, reserved 1058816K
  class space    used 1147K, capacity 1238K, committed 1280K, reserved 1048576K
}
Event: 2.063 GC heap after
{Heap after GC invocations=3 (full 0):
 garbage-first heap   total 131072K, used 10765K [0x00000000c0000000, 0x0000000100000000)
  region size 1024K, 4 young (4096K), 4 survivors (4096K)
 Metaspace       used 10970K, capacity 11250K, committed 11520K, reserved 1058816K
  class space    used 1147K, capacity 1238K, committed 1280K, reserved 1048576K
}
Event: 3.868 GC heap before
{Heap before GC invocations=3 (full 0):
 garbage-first heap   total 131072K, used 53773K [0x00000000c0000000, 0x0000000100000000)
  region size 1024K, 46 young (47104K), 4 survivors (4096K)
 Metaspace       used 20008K, capacity 20432K, committed 20608K, reserved 1067008K
  class space    used 2423K, capacity 2585K, committed 2688K, reserved 1048576K
}
Event: 3.878 GC heap after
{Heap after GC invocations=4 (full 0):
 garbage-first heap   total 131072K, used 13958K [0x00000000c0000000, 0x0000000100000000)
  region size 1024K, 4 young (4096K), 4 survivors (4096K)
 Metaspace       used 20008K, capacity 20432K, committed 20608K, reserved 1067008K
  class space    used 2423K, capacity 2585K, committed 2688K, reserved 1048576K
}
Event: 3.970 GC heap before
{Heap before GC invocations=4 (full 0):
 garbage-first heap   total 131072K, used 16006K [0x00000000c0000000, 0x0000000100000000)
  region size 1024K, 7 young (7168K), 4 survivors (4096K)
 Metaspace       used 20641K, capacity 21125K, committed 21296K, reserved 1069056K
  class space    used 2510K, capacity 2688K, committed 2688K, reserved 1048576K
}
Event: 3.976 GC heap after
{Heap after GC invocations=5 (full 0):
 garbage-first heap   total 131072K, used 14217K [0x00000000c0000000, 0x0000000100000000)
  region size 1024K, 4 young (4096K), 4 survivors (4096K)
 Metaspace       used 20641K, capacity 21125K, committed 21296K, reserved 1069056K
  class space    used 2510K, capacity 2688K, committed 2688K, reserved 1048576K
}
Event: 10.422 GC heap before
{Heap before GC invocations=6 (full 0):
 garbage-first heap   total 131072K, used 77705K [0x00000000c0000000, 0x0000000100000000)
  region size 1024K, 58 young (59392K), 4 survivors (4096K)
 Metaspace       used 30727K, capacity 31383K, committed 31616K, reserved 1077248K
  class space    used 3686K, capacity 3900K, committed 3968K, reserved 1048576K
}
Event: 10.442 GC heap after
{Heap after GC invocations=7 (full 0):
 garbage-first heap   total 131072K, used 27029K [0x00000000c0000000, 0x0000000100000000)
  region size 1024K, 8 young (8192K), 8 survivors (8192K)
 Metaspace       used 30727K, capacity 31383K, committed 31616K, reserved 1077248K
  class space    used 3686K, capacity 3900K, committed 3968K, reserved 1048576K
}
Event: 11.259 GC heap before
{Heap before GC invocations=7 (full 0):
 garbage-first heap   total 131072K, used 63893K [0x00000000c0000000, 0x0000000100000000)
  region size 1024K, 42 young (43008K), 8 survivors (8192K)
 Metaspace       used 34848K, capacity 35447K, committed 35708K, reserved 1081344K
  class space    used 4241K, capacity 4436K, committed 4480K, reserved 1048576K
}
Event: 11.276 GC heap after
{Heap after GC invocations=8 (full 0):
 garbage-first heap   total 131072K, used 28951K [0x00000000c0000000, 0x0000000100000000)
  region size 1024K, 2 young (2048K), 2 survivors (2048K)
 Metaspace       used 34848K, capacity 35447K, committed 35708K, reserved 1081344K
  class space    used 4241K, capacity 4436K, committed 4480K, reserved 1048576K
}

