# JRE version: Java(TM) SE Runtime Environment (10.0.2+13) (build 10.0.2+13)
# Java VM: Java HotSpot(TM) 64-Bit Server VM (10.0.2+13, mixed mode, tiered, compressed oops, g1 gc, windows-amd64)
Heap:
 garbage-first heap   total 131072K, used 101022K [0x00000000c0000000, 0x0000000100000000)
  region size 1024K, 55 young (56320K), 4 survivors (4096K)
 Metaspace       used 51722K, capacity 53788K, committed 53832K, reserved 1095680K
  class space    used 6364K, capacity 6997K, committed 7040K, reserved 1048576K
GC Heap History (10 events):
Event: 17.316 GC heap before
{Heap before GC invocations=8 (full 0):
 garbage-first heap   total 131072K, used 90610K [0x00000000c0000000, 0x0000000100000000)
  region size 1024K, 67 young (68608K), 8 survivors (8192K)
 Metaspace       used 42087K, capacity 43030K, committed 43208K, reserved 1087488K
  class space    used 5270K, capacity 5582K, committed 5632K, reserved 1048576K
}
Event: 17.337 GC heap after
{Heap after GC invocations=9 (full 0):
 garbage-first heap   total 131072K, used 34112K [0x00000000c0000000, 0x0000000100000000)
  region size 1024K, 8 young (8192K), 8 survivors (8192K)
 Metaspace       used 42087K, capacity 43030K, committed 43208K, reserved 1087488K
  class space    used 5270K, capacity 5582K, committed 5632K, reserved 1048576K
}
Event: 20.562 GC heap before
{Heap before GC invocations=9 (full 0):
 garbage-first heap   total 131072K, used 95552K [0x00000000c0000000, 0x0000000100000000)
  region size 1024K, 68 young (69632K), 8 survivors (8192K)
 Metaspace       used 45799K, capacity 46676K, committed 47048K, reserved 1089536K
  class space    used 5778K, capacity 6063K, committed 6144K, reserved 1048576K
}
Event: 20.584 GC heap after
{Heap after GC invocations=10 (full 0):
 garbage-first heap   total 131072K, used 38836K [0x00000000c0000000, 0x0000000100000000)
  region size 1024K, 9 young (9216K), 9 survivors (9216K)
 Metaspace       used 45799K, capacity 46676K, committed 47048K, reserved 1089536K
  class space    used 5778K, capacity 6063K, committed 6144K, reserved 1048576K
}
Event: 24.117 GC heap before
{Heap before GC invocations=10 (full 0):
 garbage-first heap   total 131072K, used 99252K [0x00000000c0000000, 0x0000000100000000)
  region size 1024K, 68 young (69632K), 9 survivors (9216K)
 Metaspace       used 48083K, capacity 49192K, committed 49480K, reserved 1091584K
  class space    used 6066K, capacity 6419K, committed 6528K, reserved 1048576K
}
Event: 24.147 GC heap after
{Heap after GC invocations=11 (full 0):
 garbage-first heap   total 131072K, used 45625K [0x00000000c0000000, 0x0000000100000000)
  region size 1024K, 9 young (9216K), 9 survivors (9216K)
 Metaspace       used 48083K, capacity 49192K, committed 49480K, reserved 1091584K
  class space    used 6066K, capacity 6419K, committed 6528K, reserved 1048576K
}
Event: 148.362 GC heap before
{Heap before GC invocations=11 (full 0):
 garbage-first heap   total 131072K, used 99897K [0x00000000c0000000, 0x0000000100000000)
  region size 1024K, 62 young (63488K), 9 survivors (9216K)
 Metaspace       used 50181K, capacity 51665K, committed 51784K, reserved 1093632K
  class space    used 6247K, capacity 6759K, committed 6784K, reserved 1048576K
}
Event: 148.390 GC heap after
{Heap after GC invocations=12 (full 0):
 garbage-first heap   total 131072K, used 49789K [0x00000000c0000000, 0x0000000100000000)
  region size 1024K, 4 young (4096K), 4 survivors (4096K)
 Metaspace       used 50181K, capacity 51665K, committed 51784K, reserved 1093632K
  class space    used 6247K, capacity 6759K, committed 6784K, reserved 1048576K
}
Event: 268.493 GC heap before
{Heap before GC invocations=12 (full 0):
 garbage-first heap   total 131072K, used 102013K [0x00000000c0000000, 0x0000000100000000)
  region size 1024K, 55 young (56320K), 4 survivors (4096K)
 Metaspace       used 51122K, capacity 52794K, committed 52936K, reserved 1095680K
  class space    used 6308K, capacity 6869K, committed 6912K, reserved 1048576K
}
Event: 268.502 GC heap after
{Heap after GC invocations=13 (full 0):
 garbage-first heap   total 131072K, used 49822K [0x00000000c0000000, 0x0000000100000000)
  region size 1024K, 4 young (4096K), 4 survivors (4096K)
 Metaspace       used 51122K, capacity 52794K, committed 52936K, reserved 1095680K
  class space    used 6308K, capacity 6869K, committed 6912K, reserved 1048576K
}

